<?xml version="1.0" encoding="UTF-8"?>
<!-- Generated by org.testng.reporters.JUnitReportReporter -->
<testsuite hostname="HJWIN10PVJTDE06" failures="0" tests="1" name="org.thinkbridge.interview.QuestionNo2.SignUpPage" time="84.108" errors="0" timestamp="2022-06-27T19:46:03 IST" skipped="0">
  <testcase classname="org.thinkbridge.interview.QuestionNo2.SignUpPage" name="signUp" time="84.108"/>
  <system-out/>
</testsuite> <!-- org.thinkbridge.interview.QuestionNo2.SignUpPage -->
